
**** Build of configuration Debug for project tools ****

**** Internal Builder is used for build               ****
g++ -ID:\Projects\ricpp\trunk\ricpp2\workspace\eclipse/../../source/include -ID:\Projects\ricpp\trunk\ricpp2\workspace\eclipse/../../3rdparty/win32/zlib123-dll/include -O0 -g3 -Wall -c -fmessage-length=0 -o Source\stringpattern.o ..\..\..\..\source\tools\stringpattern.cpp
g++ -ID:\Projects\ricpp\trunk\ricpp2\workspace\eclipse/../../source/include -ID:\Projects\ricpp\trunk\ricpp2\workspace\eclipse/../../3rdparty/win32/zlib123-dll/include -O0 -g3 -Wall -c -fmessage-length=0 -o Source\win32env.o ..\..\..\..\source\tools\win32env.cpp
g++ -ID:\Projects\ricpp\trunk\ricpp2\workspace\eclipse/../../source/include -ID:\Projects\ricpp\trunk\ricpp2\workspace\eclipse/../../3rdparty/win32/zlib123-dll/include -O0 -g3 -Wall -c -fmessage-length=0 -o Source\win32filepath.o ..\..\..\..\source\tools\win32filepath.cpp
g++ -ID:\Projects\ricpp\trunk\ricpp2\workspace\eclipse/../../source/include -ID:\Projects\ricpp\trunk\ricpp2\workspace\eclipse/../../3rdparty/win32/zlib123-dll/include -O0 -g3 -Wall -c -fmessage-length=0 -o Source\stringlist.o ..\..\..\..\source\tools\stringlist.cpp
g++ -ID:\Projects\ricpp\trunk\ricpp2\workspace\eclipse/../../source/include -ID:\Projects\ricpp\trunk\ricpp2\workspace\eclipse/../../3rdparty/win32/zlib123-dll/include -O0 -g3 -Wall -c -fmessage-length=0 -o Source\tools.o ..\..\..\..\source\tools\tools.cpp
ar -r libtools.a Source\win32filepath.o Source\win32env.o Source\tools.o Source\stringpattern.o Source\stringlist.o
Build complete for project tools
Time consumed: 5866  ms.  

**** Build of configuration Debug for project ribase ****

**** Internal Builder is used for build               ****
g++ -ID:\Projects\ricpp\trunk\ricpp2\workspace\eclipse/../../source/include -ID:\Projects\ricpp\trunk\ricpp2\workspace\eclipse/../../3rdparty/win32/zlib123-dll/include -O0 -g3 -Wall -c -fmessage-length=0 -o Source\ribase.o ..\..\..\..\source\ribase\ribase.cpp
ar -r libribase.a Source\ribase.o
Build complete for project ribase
Time consumed: 655  ms.  

**** Build of configuration Debug for project gendynlib ****

**** Internal Builder is used for build               ****
g++ -ID:\Projects\ricpp\trunk\ricpp2\workspace\eclipse/../../source/include -ID:\Projects\ricpp\trunk\ricpp2\workspace\eclipse/../../3rdparty/win32/zlib123-dll/include -O0 -g3 -Wall -c -fmessage-length=0 -o Source\dynlib.o ..\..\..\..\source\gendynlib\dynlib.cpp
g++ -ID:\Projects\ricpp\trunk\ricpp2\workspace\eclipse/../../source/include -ID:\Projects\ricpp\trunk\ricpp2\workspace\eclipse/../../3rdparty/win32/zlib123-dll/include -O0 -g3 -Wall -c -fmessage-length=0 -o Source\win32dynlib.o ..\..\..\..\source\gendynlib\win32dynlib.cpp
ar -r libgendynlib.a Source\win32dynlib.o Source\dynlib.o
Build complete for project gendynlib
Time consumed: 2403  ms.  

**** Build of configuration Debug for project ricpp ****

**** Internal Builder is used for build               ****
g++ -ID:\Projects\ricpp\trunk\ricpp2\workspace\eclipse/../../source/include -ID:\Projects\ricpp\trunk\ricpp2\workspace\eclipse/../../3rdparty/win32/zlib123-dll/include -O0 -g3 -Wall -c -fmessage-length=0 -o Source\errorhandlers.o ..\..\..\..\source\ricpp\errorhandlers.cpp
g++ -ID:\Projects\ricpp\trunk\ricpp2\workspace\eclipse/../../source/include -ID:\Projects\ricpp\trunk\ricpp2\workspace\eclipse/../../3rdparty/win32/zlib123-dll/include -O0 -g3 -Wall -c -fmessage-length=0 -o Source\varsubst.o ..\..\..\..\source\ricpp\varsubst.cpp
g++ -ID:\Projects\ricpp\trunk\ricpp2\workspace\eclipse/../../source/include -ID:\Projects\ricpp\trunk\ricpp2\workspace\eclipse/../../3rdparty/win32/zlib123-dll/include -O0 -g3 -Wall -c -fmessage-length=0 -o Source\riroot.o ..\..\..\..\source\ricpp\riroot.cpp
g++ -ID:\Projects\ricpp\trunk\ricpp2\workspace\eclipse/../../source/include -ID:\Projects\ricpp\trunk\ricpp2\workspace\eclipse/../../3rdparty/win32/zlib123-dll/include -O0 -g3 -Wall -c -fmessage-length=0 -o Source\types.o ..\..\..\..\source\ricpp\types.cpp
g++ -ID:\Projects\ricpp\trunk\ricpp2\workspace\eclipse/../../source/include -ID:\Projects\ricpp\trunk\ricpp2\workspace\eclipse/../../3rdparty/win32/zlib123-dll/include -O0 -g3 -Wall -c -fmessage-length=0 -o Source\requests.o ..\..\..\..\source\ricpp\requests.cpp
g++ -ID:\Projects\ricpp\trunk\ricpp2\workspace\eclipse/../../source/include -ID:\Projects\ricpp\trunk\ricpp2\workspace\eclipse/../../3rdparty/win32/zlib123-dll/include -O0 -g3 -Wall -c -fmessage-length=0 -o Source\subdivfunc.o ..\..\..\..\source\ricpp\subdivfunc.cpp
g++ -ID:\Projects\ricpp\trunk\ricpp2\workspace\eclipse/../../source/include -ID:\Projects\ricpp\trunk\ricpp2\workspace\eclipse/../../3rdparty/win32/zlib123-dll/include -O0 -g3 -Wall -c -fmessage-length=0 -o Source\ricpperror.o ..\..\..\..\source\ricpp\ricpperror.cpp
g++ -ID:\Projects\ricpp\trunk\ricpp2\workspace\eclipse/../../source/include -ID:\Projects\ricpp\trunk\ricpp2\workspace\eclipse/../../3rdparty/win32/zlib123-dll/include -O0 -g3 -Wall -c -fmessage-length=0 -o Source\filters.o ..\..\..\..\source\ricpp\filters.cpp
g++ -ID:\Projects\ricpp\trunk\ricpp2\workspace\eclipse/../../source/include -ID:\Projects\ricpp\trunk\ricpp2\workspace\eclipse/../../3rdparty/win32/zlib123-dll/include -O0 -g3 -Wall -c -fmessage-length=0 -o Source\paramclasses.o ..\..\..\..\source\ricpp\paramclasses.cpp
ar -r libricpp.a Source\varsubst.o Source\types.o Source\subdivfunc.o Source\riroot.o Source\ricpperror.o Source\requests.o Source\paramclasses.o Source\filters.o Source\errorhandlers.o
Build complete for project ricpp
Time consumed: 6583  ms.  

**** Build of configuration Debug for project declaration ****

**** Internal Builder is used for build               ****
g++ -ID:\Projects\ricpp\trunk\ricpp2\workspace\eclipse/../../source/include -ID:\Projects\ricpp\trunk\ricpp2\workspace\eclipse/../../3rdparty/win32/zlib123-dll/include -O0 -g3 -Wall -c -fmessage-length=0 -o Source\declaration.o ..\..\..\..\source\declaration\declaration.cpp
g++ -ID:\Projects\ricpp\trunk\ricpp2\workspace\eclipse/../../source/include -ID:\Projects\ricpp\trunk\ricpp2\workspace\eclipse/../../3rdparty/win32/zlib123-dll/include -O0 -g3 -Wall -c -fmessage-length=0 -o Source\tokenmap.o ..\..\..\..\source\declaration\tokenmap.cpp
g++ -ID:\Projects\ricpp\trunk\ricpp2\workspace\eclipse/../../source/include -ID:\Projects\ricpp\trunk\ricpp2\workspace\eclipse/../../3rdparty/win32/zlib123-dll/include -O0 -g3 -Wall -c -fmessage-length=0 -o Source\decldict.o ..\..\..\..\source\declaration\decldict.cpp
ar -r libdeclaration.a Source\tokenmap.o Source\decldict.o Source\declaration.o
Build complete for project declaration
Time consumed: 3260  ms.  

**** Build of configuration Debug for project pluginhandler ****

**** Internal Builder is used for build               ****
g++ -ID:\Projects\ricpp\trunk\ricpp2\workspace\eclipse/../../source/include -ID:\Projects\ricpp\trunk\ricpp2\workspace\eclipse/../../3rdparty/win32/zlib123-dll/include -O0 -g3 -Wall -c -fmessage-length=0 -o Source\pluginhandler.o ..\..\..\..\source\pluginhandler\pluginhandler.cpp
ar -r libpluginhandler.a Source\pluginhandler.o
Build complete for project pluginhandler
Time consumed: 1201  ms.  

**** Build of configuration Debug for project streams ****

**** Internal Builder is used for build               ****
g++ -ID:\Projects\ricpp\trunk\ricpp2\workspace\eclipse/../../source/include -ID:\Projects\ricpp\trunk\ricpp2\workspace\eclipse/../../3rdparty/win32/zlib123-dll/include -O0 -g3 -Wall -c -fmessage-length=0 -o Source\backbuffer.o ..\..\..\..\source\streams\backbuffer.cpp
g++ -ID:\Projects\ricpp\trunk\ricpp2\workspace\eclipse/../../source/include -ID:\Projects\ricpp\trunk\ricpp2\workspace\eclipse/../../3rdparty/win32/zlib123-dll/include -O0 -g3 -Wall -c -fmessage-length=0 -o Source\uri.o ..\..\..\..\source\streams\uri.cpp
ar -r libstreams.a Source\uri.o Source\backbuffer.o
Build complete for project streams
Time consumed: 3884  ms.  

**** Build of configuration Debug for project ricontext ****

**** Internal Builder is used for build               ****
g++ -ID:\Projects\ricpp\trunk\ricpp2\workspace\eclipse/../../source/include -ID:\Projects\ricpp\trunk\ricpp2\workspace\eclipse/../../3rdparty/win32/zlib123-dll/include -O0 -g3 -Wall -c -fmessage-length=0 -o Source\motionstate.o ..\..\..\..\source\ricontext\motionstate.cpp
g++ -ID:\Projects\ricpp\trunk\ricpp2\workspace\eclipse/../../source/include -ID:\Projects\ricpp\trunk\ricpp2\workspace\eclipse/../../3rdparty/win32/zlib123-dll/include -O0 -g3 -Wall -c -fmessage-length=0 -o Source\triangulation.o ..\..\..\..\source\ricontext\triangulation.cpp
g++ -ID:\Projects\ricpp\trunk\ricpp2\workspace\eclipse/../../source/include -ID:\Projects\ricpp\trunk\ricpp2\workspace\eclipse/../../3rdparty/win32/zlib123-dll/include -O0 -g3 -Wall -c -fmessage-length=0 -o Source\lights.o ..\..\..\..\source\ricontext\lights.cpp
g++ -ID:\Projects\ricpp\trunk\ricpp2\workspace\eclipse/../../source/include -ID:\Projects\ricpp\trunk\ricpp2\workspace\eclipse/../../3rdparty/win32/zlib123-dll/include -O0 -g3 -Wall -c -fmessage-length=0 -o Source\subdivision.o ..\..\..\..\source\ricontext\subdivision.cpp
g++ -ID:\Projects\ricpp\trunk\ricpp2\workspace\eclipse/../../source/include -ID:\Projects\ricpp\trunk\ricpp2\workspace\eclipse/../../3rdparty/win32/zlib123-dll/include -O0 -g3 -Wall -c -fmessage-length=0 -o Source\displaydesc.o ..\..\..\..\source\ricontext\displaydesc.cpp
g++ -ID:\Projects\ricpp\trunk\ricpp2\workspace\eclipse/../../source/include -ID:\Projects\ricpp\trunk\ricpp2\workspace\eclipse/../../3rdparty/win32/zlib123-dll/include -O0 -g3 -Wall -c -fmessage-length=0 -o Source\resource.o ..\..\..\..\source\ricontext\resource.cpp
g++ -ID:\Projects\ricpp\trunk\ricpp2\workspace\eclipse/../../source/include -ID:\Projects\ricpp\trunk\ricpp2\workspace\eclipse/../../3rdparty/win32/zlib123-dll/include -O0 -g3 -Wall -c -fmessage-length=0 -o Source\rimacro.o ..\..\..\..\source\ricontext\rimacro.cpp
g++ -ID:\Projects\ricpp\trunk\ricpp2\workspace\eclipse/../../source/include -ID:\Projects\ricpp\trunk\ricpp2\workspace\eclipse/../../3rdparty/win32/zlib123-dll/include -O0 -g3 -Wall -c -fmessage-length=0 -o Source\options.o ..\..\..\..\source\ricontext\options.cpp
g++ -ID:\Projects\ricpp\trunk\ricpp2\workspace\eclipse/../../source/include -ID:\Projects\ricpp\trunk\ricpp2\workspace\eclipse/../../3rdparty/win32/zlib123-dll/include -O0 -g3 -Wall -c -fmessage-length=0 -o Source\surface.o ..\..\..\..\source\ricontext\surface.cpp
g++ -ID:\Projects\ricpp\trunk\ricpp2\workspace\eclipse/../../source/include -ID:\Projects\ricpp\trunk\ricpp2\workspace\eclipse/../../3rdparty/win32/zlib123-dll/include -O0 -g3 -Wall -c -fmessage-length=0 -o Source\ricontext.o ..\..\..\..\source\ricontext\ricontext.cpp
g++ -ID:\Projects\ricpp\trunk\ricpp2\workspace\eclipse/../../source/include -ID:\Projects\ricpp\trunk\ricpp2\workspace\eclipse/../../3rdparty/win32/zlib123-dll/include -O0 -g3 -Wall -c -fmessage-length=0 -o Source\renderstate.o ..\..\..\..\source\ricontext\renderstate.cpp
g++ -ID:\Projects\ricpp\trunk\ricpp2\workspace\eclipse/../../source/include -ID:\Projects\ricpp\trunk\ricpp2\workspace\eclipse/../../3rdparty/win32/zlib123-dll/include -O0 -g3 -Wall -c -fmessage-length=0 -o Source\parameter.o ..\..\..\..\source\ricontext\parameter.cpp
g++ -ID:\Projects\ricpp\trunk\ricpp2\workspace\eclipse/../../source/include -ID:\Projects\ricpp\trunk\ricpp2\workspace\eclipse/../../3rdparty/win32/zlib123-dll/include -O0 -g3 -Wall -c -fmessage-length=0 -o Source\grid.o ..\..\..\..\source\ricontext\grid.cpp
g++ -ID:\Projects\ricpp\trunk\ricpp2\workspace\eclipse/../../source/include -ID:\Projects\ricpp\trunk\ricpp2\workspace\eclipse/../../3rdparty/win32/zlib123-dll/include -O0 -g3 -Wall -c -fmessage-length=0 -o Source\modestack.o ..\..\..\..\source\ricontext\modestack.cpp
g++ -ID:\Projects\ricpp\trunk\ricpp2\workspace\eclipse/../../source/include -ID:\Projects\ricpp\trunk\ricpp2\workspace\eclipse/../../3rdparty/win32/zlib123-dll/include -O0 -g3 -Wall -c -fmessage-length=0 -o Source\polygon.o ..\..\..\..\source\ricontext\polygon.cpp
g++ -ID:\Projects\ricpp\trunk\ricpp2\workspace\eclipse/../../source/include -ID:\Projects\ricpp\trunk\ricpp2\workspace\eclipse/../../3rdparty/win32/zlib123-dll/include -O0 -g3 -Wall -c -fmessage-length=0 -o Source\blend.o ..\..\..\..\source\ricontext\blend.cpp
g++ -ID:\Projects\ricpp\trunk\ricpp2\workspace\eclipse/../../source/include -ID:\Projects\ricpp\trunk\ricpp2\workspace\eclipse/../../3rdparty/win32/zlib123-dll/include -O0 -g3 -Wall -c -fmessage-length=0 -o Source\transformation.o ..\..\..\..\source\ricontext\transformation.cpp
g++ -ID:\Projects\ricpp\trunk\ricpp2\workspace\eclipse/../../source/include -ID:\Projects\ricpp\trunk\ricpp2\workspace\eclipse/../../3rdparty/win32/zlib123-dll/include -O0 -g3 -Wall -c -fmessage-length=0 -o Source\contextcreator.o ..\..\..\..\source\ricontext\contextcreator.cpp
g++ -ID:\Projects\ricpp\trunk\ricpp2\workspace\eclipse/../../source/include -ID:\Projects\ricpp\trunk\ricpp2\workspace\eclipse/../../3rdparty/win32/zlib123-dll/include -O0 -g3 -Wall -c -fmessage-length=0 -o Source\inputstate.o ..\..\..\..\source\ricontext\inputstate.cpp
g++ -ID:\Projects\ricpp\trunk\ricpp2\workspace\eclipse/../../source/include -ID:\Projects\ricpp\trunk\ricpp2\workspace\eclipse/../../3rdparty/win32/zlib123-dll/include -O0 -g3 -Wall -c -fmessage-length=0 -o Source\ribelements.o ..\..\..\..\source\ricontext\ribelements.cpp
g++ -ID:\Projects\ricpp\trunk\ricpp2\workspace\eclipse/../../source/include -ID:\Projects\ricpp\trunk\ricpp2\workspace\eclipse/../../3rdparty/win32/zlib123-dll/include -O0 -g3 -Wall -c -fmessage-length=0 -o Source\attributes.o ..\..\..\..\source\ricontext\attributes.cpp
g++ -ID:\Projects\ricpp\trunk\ricpp2\workspace\eclipse/../../source/include -ID:\Projects\ricpp\trunk\ricpp2\workspace\eclipse/../../3rdparty/win32/zlib123-dll/include -O0 -g3 -Wall -c -fmessage-length=0 -o Source\optionsbase.o ..\..\..\..\source\ricontext\optionsbase.cpp
ar -r libricontext.a Source\triangulation.o Source\transformation.o Source\surface.o Source\subdivision.o Source\rimacro.o Source\ricontext.o Source\ribelements.o Source\resource.o Source\renderstate.o Source\polygon.o Source\parameter.o Source\optionsbase.o Source\options.o Source\motionstate.o Source\modestack.o Source\lights.o Source\inputstate.o Source\grid.o Source\displaydesc.o Source\contextcreator.o Source\blend.o Source\attributes.o
Build complete for project ricontext
Time consumed: 64803  ms.  

**** Build of configuration Debug for project rendererloader ****

**** Internal Builder is used for build               ****
g++ -ID:\Projects\ricpp\trunk\ricpp2\workspace\eclipse/../../source/include -ID:\Projects\ricpp\trunk\ricpp2\workspace\eclipse/../../3rdparty/win32/zlib123-dll/include -O0 -g3 -Wall -c -fmessage-length=0 -o Source\rendererloader.o ..\..\..\..\source\rendererloader\rendererloader.cpp
ar -r librendererloader.a Source\rendererloader.o
Build complete for project rendererloader
Time consumed: 3136  ms.  

**** Build of configuration Debug for project ribfilter ****

**** Internal Builder is used for build               ****
g++ -ID:\Projects\ricpp\trunk\ricpp2\workspace\eclipse/../../source/include -ID:\Projects\ricpp\trunk\ricpp2\workspace\eclipse/../../3rdparty/win32/zlib123-dll/include -O0 -g3 -Wall -c -fmessage-length=0 -o Source\ribfilterlist.o ..\..\..\..\source\ribfilter\ribfilterlist.cpp
g++ -ID:\Projects\ricpp\trunk\ricpp2\workspace\eclipse/../../source/include -ID:\Projects\ricpp\trunk\ricpp2\workspace\eclipse/../../3rdparty/win32/zlib123-dll/include -O0 -g3 -Wall -c -fmessage-length=0 -o Source\ribfilter.o ..\..\..\..\source\ribfilter\ribfilter.cpp
ar -r libribfilter.a Source\ribfilterlist.o Source\ribfilter.o
Build complete for project ribfilter
Time consumed: 2606  ms.  

**** Build of configuration Debug for project ribparser ****

**** Internal Builder is used for build               ****
g++ -ID:\Projects\ricpp\trunk\ricpp2\workspace\eclipse/../../source/include -ID:\Projects\ricpp\trunk\ricpp2\workspace\eclipse/../../3rdparty/win32/zlib123-dll/include -O0 -g3 -Wall -c -fmessage-length=0 -o Source\riblights.o ..\..\..\..\source\ribparser\riblights.cpp
g++ -ID:\Projects\ricpp\trunk\ricpp2\workspace\eclipse/../../source/include -ID:\Projects\ricpp\trunk\ricpp2\workspace\eclipse/../../3rdparty/win32/zlib123-dll/include -O0 -g3 -Wall -c -fmessage-length=0 -o Source\ribparser.o ..\..\..\..\source\ribparser\ribparser.cpp
g++ -ID:\Projects\ricpp\trunk\ricpp2\workspace\eclipse/../../source/include -ID:\Projects\ricpp\trunk\ricpp2\workspace\eclipse/../../3rdparty/win32/zlib123-dll/include -O0 -g3 -Wall -c -fmessage-length=0 -o Source\ribtransforms.o ..\..\..\..\source\ribparser\ribtransforms.cpp
g++ -ID:\Projects\ricpp\trunk\ricpp2\workspace\eclipse/../../source/include -ID:\Projects\ricpp\trunk\ricpp2\workspace\eclipse/../../3rdparty/win32/zlib123-dll/include -O0 -g3 -Wall -c -fmessage-length=0 -o Source\riboptions.o ..\..\..\..\source\ribparser\riboptions.cpp
g++ -ID:\Projects\ricpp\trunk\ricpp2\workspace\eclipse/../../source/include -ID:\Projects\ricpp\trunk\ricpp2\workspace\eclipse/../../3rdparty/win32/zlib123-dll/include -O0 -g3 -Wall -c -fmessage-length=0 -o Source\ribattributes.o ..\..\..\..\source\ribparser\ribattributes.cpp
g++ -ID:\Projects\ricpp\trunk\ricpp2\workspace\eclipse/../../source/include -ID:\Projects\ricpp\trunk\ricpp2\workspace\eclipse/../../3rdparty/win32/zlib123-dll/include -O0 -g3 -Wall -c -fmessage-length=0 -o Source\ribmodes.o ..\..\..\..\source\ribparser\ribmodes.cpp
g++ -ID:\Projects\ricpp\trunk\ricpp2\workspace\eclipse/../../source/include -ID:\Projects\ricpp\trunk\ricpp2\workspace\eclipse/../../3rdparty/win32/zlib123-dll/include -O0 -g3 -Wall -c -fmessage-length=0 -o Source\ribexternals.o ..\..\..\..\source\ribparser\ribexternals.cpp
g++ -ID:\Projects\ricpp\trunk\ricpp2\workspace\eclipse/../../source/include -ID:\Projects\ricpp\trunk\ricpp2\workspace\eclipse/../../3rdparty/win32/zlib123-dll/include -O0 -g3 -Wall -c -fmessage-length=0 -o Source\ribmisc.o ..\..\..\..\source\ribparser\ribmisc.cpp
g++ -ID:\Projects\ricpp\trunk\ricpp2\workspace\eclipse/../../source/include -ID:\Projects\ricpp\trunk\ricpp2\workspace\eclipse/../../3rdparty/win32/zlib123-dll/include -O0 -g3 -Wall -c -fmessage-length=0 -o Source\ribprims.o ..\..\..\..\source\ribparser\ribprims.cpp
ar -r libribparser.a Source\ribtransforms.o Source\ribprims.o Source\ribparser.o Source\riboptions.o Source\ribmodes.o Source\ribmisc.o Source\riblights.o Source\ribexternals.o Source\ribattributes.o
Build complete for project ribparser
Time consumed: 32526  ms.  

**** Build of configuration Debug for project ricppbridge ****

**** Internal Builder is used for build               ****
g++ -ID:\Projects\ricpp\trunk\ricpp2\workspace\eclipse/../../source/include -ID:\Projects\ricpp\trunk\ricpp2\workspace\eclipse/../../3rdparty/win32/zlib123-dll/include -O0 -g3 -Wall -c -fmessage-length=0 -o Source\ricppbridge.o ..\..\..\..\source\ricppbridge\ricppbridge.cpp
ar -r libricppbridge.a Source\ricppbridge.o
Build complete for project ricppbridge
Time consumed: 8034  ms.  

**** Build of configuration Debug for project baserenderer ****

**** Internal Builder is used for build               ****
Nothing to build for baserenderer

**** Build of configuration Debug for project ri ****

**** Internal Builder is used for build               ****
g++ -ID:\Projects\ricpp\trunk\ricpp2\workspace\eclipse/../../source/include -ID:\Projects\ricpp\trunk\ricpp2\workspace\eclipse/../../3rdparty/win32/zlib123-dll/include -O0 -g3 -Wall -c -fmessage-length=0 -o Source\ri.o ..\..\..\..\source\ri\ri.cpp
ar -r libri.a Source\ri.o
Build complete for project ri
Time consumed: 2824  ms.  

**** Build of configuration Debug for project riprog ****

**** Internal Builder is used for build               ****
Nothing to build for riprog

**** Build of configuration Debug for project glutrib ****

**** Internal Builder is used for build               ****
g++ -LD:\Projects\ricpp\trunk\ricpp2\workspace\eclipse\riprog\Debug -LD:\Projects\ricpp\trunk\ricpp2\workspace\eclipse/../../3rdparty/win32/gccglut/lib -o glutrib.exe Source\glutrib.o -lriprog -lopengl32 -lglut32
copy ..\riprog\Debug\riprog.dll .\Debug\riprog.dll
Internal Builder: Cannot run program "copy": Launching failed
Error: Program "copy" is not found in PATH

PATH=[D:\Tools\MinGW\bin;D:/Tools/eclipse-SDK-current//../Java/jdk1.7.0_02/bin/../jre/bin/client;D:/Tools/eclipse-SDK-current//../Java/jdk1.7.0_02/bin/../jre/bin;D:/Tools/eclipse-SDK-current//../Java/jdk1.7.0_02/bin/../jre/lib/i386;D:\Tools\eclipse-SDK-current\..\MinGW\bin;D:\Tools\eclipse-SDK-current\..\MinGW\msys\1.0\bin;D:\Tools\eclipse-SDK-current\..Java\jdk1.7.0_02\bin;D:\Tools\eclipse-SDK-current\..\QtEclipse\1.6.0;T:\public\qt\2009.05\qt\..\bin;T:\public\qt\2009.05\qt\bin;C:\Program Files (x86)\NVIDIA Corporation\PhysX\Common;C:\Windows\system32;C:\Windows;C:\Windows\System32\Wbem;C:\Windows\System32\WindowsPowerShell\v1.0\;C:\Program Files\TortoiseSVN\bin;c:\Program Files (x86)\Microsoft SQL Server\110\Tools\Binn\;c:\Program Files\Microsoft SQL Server\110\Tools\Binn\;c:\Program Files\Microsoft SQL Server\110\DTS\Binn\;C:\Program Files (x86)\Common Files\Ulead Systems\MPEG;C:\Program Files (x86)\QuickTime\QTSystem\;D:\Tools]
Build error occurred, build is stopped
Time consumed: 1544  ms.  

**** Build of configuration Debug for project tools ****

**** Internal Builder is used for build               ****
Nothing to build for tools

**** Build of configuration Debug for project ribase ****

**** Internal Builder is used for build               ****
Nothing to build for ribase

**** Build of configuration Debug for project gendynlib ****

**** Internal Builder is used for build               ****
Nothing to build for gendynlib

**** Build of configuration Debug for project ricpp ****

**** Internal Builder is used for build               ****
Nothing to build for ricpp

**** Build of configuration Debug for project declaration ****

**** Internal Builder is used for build               ****
Nothing to build for declaration

**** Build of configuration Debug for project pluginhandler ****

**** Internal Builder is used for build               ****
Nothing to build for pluginhandler

**** Build of configuration Debug for project ribfilter ****

**** Internal Builder is used for build               ****
Nothing to build for ribfilter

**** Build of configuration Debug for project passthrough ****

**** Internal Builder is used for build               ****
Nothing to build for passthrough

**** Build of configuration Debug for project streams ****

**** Internal Builder is used for build               ****
Nothing to build for streams

**** Build of configuration Debug for project ricontext ****

**** Internal Builder is used for build               ****
Nothing to build for ricontext

**** Build of configuration Debug for project rendererloader ****

**** Internal Builder is used for build               ****
Nothing to build for rendererloader

**** Build of configuration Debug for project ribparser ****

**** Internal Builder is used for build               ****
Nothing to build for ribparser

**** Build of configuration Debug for project ricppbridge ****

**** Internal Builder is used for build               ****
Nothing to build for ricppbridge

**** Build of configuration Debug for project baserenderer ****

**** Internal Builder is used for build               ****
Nothing to build for baserenderer

**** Build of configuration Debug for project ribwriter ****

**** Internal Builder is used for build               ****
Nothing to build for ribwriter

**** Build of configuration Debug for project ribwriterdll ****

**** Internal Builder is used for build               ****
Nothing to build for ribwriterdll

**** Build of configuration Debug for project ri ****

**** Internal Builder is used for build               ****
Nothing to build for ri

**** Build of configuration Debug for project ridynload ****

**** Internal Builder is used for build               ****
Nothing to build for ridynload

**** Build of configuration Debug for project riprog ****

**** Internal Builder is used for build               ****
Nothing to build for riprog

**** Build of configuration Debug for project glutrib ****

**** Internal Builder is used for build               ****
g++ -ID:\Projects\ricpp\trunk\ricpp2\workspace\eclipse/../../source/include -ID:\Projects\ricpp\trunk\ricpp2\workspace\eclipse/../../3rdparty/win32/zlib123-dll/include -ID:\Projects\ricpp\trunk\ricpp2\workspace\eclipse/../../3rdparty/win32/gccglut/include -O0 -g3 -Wall -c -fmessage-length=0 -o Source\glutrib.o ..\..\..\..\source\glutrib\glutrib.cpp
In file included from ..\..\..\..\source\glutrib\glutrib.cpp:41:0:
D:\Projects\ricpp\trunk\ricpp2\workspace\eclipse/../../3rdparty/win32/gccglut/include/GL/glut.h:48:0: warning: ignoring #pragma comment  [-Wunknown-pragmas]
D:\Projects\ricpp\trunk\ricpp2\workspace\eclipse/../../3rdparty/win32/gccglut/include/GL/glut.h:49:0: warning: ignoring #pragma comment  [-Wunknown-pragmas]
D:\Projects\ricpp\trunk\ricpp2\workspace\eclipse/../../3rdparty/win32/gccglut/include/GL/glut.h:50:0: warning: ignoring #pragma comment  [-Wunknown-pragmas]
D:\Projects\ricpp\trunk\ricpp2\workspace\eclipse/../../3rdparty/win32/gccglut/include/GL/glut.h:51:0: warning: ignoring #pragma comment  [-Wunknown-pragmas]
D:\Projects\ricpp\trunk\ricpp2\workspace\eclipse/../../3rdparty/win32/gccglut/include/GL/glut.h:53:0: warning: ignoring #pragma warning  [-Wunknown-pragmas]
D:\Projects\ricpp\trunk\ricpp2\workspace\eclipse/../../3rdparty/win32/gccglut/include/GL/glut.h:54:0: warning: ignoring #pragma warning  [-Wunknown-pragmas]
g++ -LD:\Projects\ricpp\trunk\ricpp2\workspace\eclipse\riprog\Debug -LD:\Projects\ricpp\trunk\ricpp2\workspace\eclipse/../../3rdparty/win32/gccglut/lib -o glutrib.exe Source\glutrib.o -lriprog -lopengl32 -lglut32
Build complete for project glutrib
Time consumed: 1045  ms.  

**** Build of configuration Debug for project glrenderer ****

**** Internal Builder is used for build               ****
Nothing to build for glrenderer

**** Build of configuration Debug for project glrendererdll ****

**** Internal Builder is used for build               ****
Nothing to build for glrendererdll

**** Rebuild of configuration Debug for project tools ****

**** Internal Builder is used for build               ****
g++ -ID:\Projects\ricpp\trunk\ricpp2\workspace\eclipse/../../source/include -ID:\Projects\ricpp\trunk\ricpp2\workspace\eclipse/../../3rdparty/win32/zlib123-dll/include -O0 -g3 -Wall -c -fmessage-length=0 -o Source\win32env.o ..\..\..\..\source\tools\win32env.cpp
g++ -ID:\Projects\ricpp\trunk\ricpp2\workspace\eclipse/../../source/include -ID:\Projects\ricpp\trunk\ricpp2\workspace\eclipse/../../3rdparty/win32/zlib123-dll/include -O0 -g3 -Wall -c -fmessage-length=0 -o Source\tools.o ..\..\..\..\source\tools\tools.cpp
g++ -ID:\Projects\ricpp\trunk\ricpp2\workspace\eclipse/../../source/include -ID:\Projects\ricpp\trunk\ricpp2\workspace\eclipse/../../3rdparty/win32/zlib123-dll/include -O0 -g3 -Wall -c -fmessage-length=0 -o Source\win32filepath.o ..\..\..\..\source\tools\win32filepath.cpp
g++ -ID:\Projects\ricpp\trunk\ricpp2\workspace\eclipse/../../source/include -ID:\Projects\ricpp\trunk\ricpp2\workspace\eclipse/../../3rdparty/win32/zlib123-dll/include -O0 -g3 -Wall -c -fmessage-length=0 -o Source\stringlist.o ..\..\..\..\source\tools\stringlist.cpp
g++ -ID:\Projects\ricpp\trunk\ricpp2\workspace\eclipse/../../source/include -ID:\Projects\ricpp\trunk\ricpp2\workspace\eclipse/../../3rdparty/win32/zlib123-dll/include -O0 -g3 -Wall -c -fmessage-length=0 -o Source\stringpattern.o ..\..\..\..\source\tools\stringpattern.cpp
ar -r libtools.a Source\win32filepath.o Source\win32env.o Source\tools.o Source\stringpattern.o Source\stringlist.o
Build complete for project tools
Time consumed: 3214  ms.  

**** Rebuild of configuration Debug for project ribase ****

**** Internal Builder is used for build               ****
g++ -ID:\Projects\ricpp\trunk\ricpp2\workspace\eclipse/../../source/include -ID:\Projects\ricpp\trunk\ricpp2\workspace\eclipse/../../3rdparty/win32/zlib123-dll/include -O0 -g3 -Wall -c -fmessage-length=0 -o Source\ribase.o ..\..\..\..\source\ribase\ribase.cpp
ar -r libribase.a Source\ribase.o
Build complete for project ribase
Time consumed: 702  ms.  

**** Rebuild of configuration Debug for project ribfilter ****

**** Internal Builder is used for build               ****
g++ -ID:\Projects\ricpp\trunk\ricpp2\workspace\eclipse/../../source/include -ID:\Projects\ricpp\trunk\ricpp2\workspace\eclipse/../../3rdparty/win32/zlib123-dll/include -O0 -g3 -Wall -c -fmessage-length=0 -o Source\ribfilter.o ..\..\..\..\source\ribfilter\ribfilter.cpp
g++ -ID:\Projects\ricpp\trunk\ricpp2\workspace\eclipse/../../source/include -ID:\Projects\ricpp\trunk\ricpp2\workspace\eclipse/../../3rdparty/win32/zlib123-dll/include -O0 -g3 -Wall -c -fmessage-length=0 -o Source\ribfilterlist.o ..\..\..\..\source\ribfilter\ribfilterlist.cpp
ar -r libribfilter.a Source\ribfilterlist.o Source\ribfilter.o
Build complete for project ribfilter
Time consumed: 2574  ms.  

**** Rebuild of configuration Debug for project ricpp ****

**** Internal Builder is used for build               ****
g++ -ID:\Projects\ricpp\trunk\ricpp2\workspace\eclipse/../../source/include -ID:\Projects\ricpp\trunk\ricpp2\workspace\eclipse/../../3rdparty/win32/zlib123-dll/include -O0 -g3 -Wall -c -fmessage-length=0 -o Source\errorhandlers.o ..\..\..\..\source\ricpp\errorhandlers.cpp
g++ -ID:\Projects\ricpp\trunk\ricpp2\workspace\eclipse/../../source/include -ID:\Projects\ricpp\trunk\ricpp2\workspace\eclipse/../../3rdparty/win32/zlib123-dll/include -O0 -g3 -Wall -c -fmessage-length=0 -o Source\paramclasses.o ..\..\..\..\source\ricpp\paramclasses.cpp
g++ -ID:\Projects\ricpp\trunk\ricpp2\workspace\eclipse/../../source/include -ID:\Projects\ricpp\trunk\ricpp2\workspace\eclipse/../../3rdparty/win32/zlib123-dll/include -O0 -g3 -Wall -c -fmessage-length=0 -o Source\ricpperror.o ..\..\..\..\source\ricpp\ricpperror.cpp
g++ -ID:\Projects\ricpp\trunk\ricpp2\workspace\eclipse/../../source/include -ID:\Projects\ricpp\trunk\ricpp2\workspace\eclipse/../../3rdparty/win32/zlib123-dll/include -O0 -g3 -Wall -c -fmessage-length=0 -o Source\riroot.o ..\..\..\..\source\ricpp\riroot.cpp
g++ -ID:\Projects\ricpp\trunk\ricpp2\workspace\eclipse/../../source/include -ID:\Projects\ricpp\trunk\ricpp2\workspace\eclipse/../../3rdparty/win32/zlib123-dll/include -O0 -g3 -Wall -c -fmessage-length=0 -o Source\types.o ..\..\..\..\source\ricpp\types.cpp
g++ -ID:\Projects\ricpp\trunk\ricpp2\workspace\eclipse/../../source/include -ID:\Projects\ricpp\trunk\ricpp2\workspace\eclipse/../../3rdparty/win32/zlib123-dll/include -O0 -g3 -Wall -c -fmessage-length=0 -o Source\subdivfunc.o ..\..\..\..\source\ricpp\subdivfunc.cpp
g++ -ID:\Projects\ricpp\trunk\ricpp2\workspace\eclipse/../../source/include -ID:\Projects\ricpp\trunk\ricpp2\workspace\eclipse/../../3rdparty/win32/zlib123-dll/include -O0 -g3 -Wall -c -fmessage-length=0 -o Source\varsubst.o ..\..\..\..\source\ricpp\varsubst.cpp
g++ -ID:\Projects\ricpp\trunk\ricpp2\workspace\eclipse/../../source/include -ID:\Projects\ricpp\trunk\ricpp2\workspace\eclipse/../../3rdparty/win32/zlib123-dll/include -O0 -g3 -Wall -c -fmessage-length=0 -o Source\filters.o ..\..\..\..\source\ricpp\filters.cpp
g++ -ID:\Projects\ricpp\trunk\ricpp2\workspace\eclipse/../../source/include -ID:\Projects\ricpp\trunk\ricpp2\workspace\eclipse/../../3rdparty/win32/zlib123-dll/include -O0 -g3 -Wall -c -fmessage-length=0 -o Source\requests.o ..\..\..\..\source\ricpp\requests.cpp
ar -r libricpp.a Source\varsubst.o Source\types.o Source\subdivfunc.o Source\riroot.o Source\ricpperror.o Source\requests.o Source\paramclasses.o Source\filters.o Source\errorhandlers.o
Build complete for project ricpp
Time consumed: 6255  ms.  

**** Rebuild of configuration Debug for project declaration ****

**** Internal Builder is used for build               ****
g++ -ID:\Projects\ricpp\trunk\ricpp2\workspace\eclipse/../../source/include -ID:\Projects\ricpp\trunk\ricpp2\workspace\eclipse/../../3rdparty/win32/zlib123-dll/include -O0 -g3 -Wall -c -fmessage-length=0 -o Source\declaration.o ..\..\..\..\source\declaration\declaration.cpp
g++ -ID:\Projects\ricpp\trunk\ricpp2\workspace\eclipse/../../source/include -ID:\Projects\ricpp\trunk\ricpp2\workspace\eclipse/../../3rdparty/win32/zlib123-dll/include -O0 -g3 -Wall -c -fmessage-length=0 -o Source\decldict.o ..\..\..\..\source\declaration\decldict.cpp
g++ -ID:\Projects\ricpp\trunk\ricpp2\workspace\eclipse/../../source/include -ID:\Projects\ricpp\trunk\ricpp2\workspace\eclipse/../../3rdparty/win32/zlib123-dll/include -O0 -g3 -Wall -c -fmessage-length=0 -o Source\tokenmap.o ..\..\..\..\source\declaration\tokenmap.cpp
ar -r libdeclaration.a Source\tokenmap.o Source\decldict.o Source\declaration.o
Build complete for project declaration
Time consumed: 2855  ms.  

**** Rebuild of configuration Debug for project ricontext ****

**** Internal Builder is used for build               ****
g++ -ID:\Projects\ricpp\trunk\ricpp2\workspace\eclipse/../../source/include -ID:\Projects\ricpp\trunk\ricpp2\workspace\eclipse/../../3rdparty/win32/zlib123-dll/include -O0 -g3 -Wall -c -fmessage-length=0 -o Source\displaydesc.o ..\..\..\..\source\ricontext\displaydesc.cpp
g++ -ID:\Projects\ricpp\trunk\ricpp2\workspace\eclipse/../../source/include -ID:\Projects\ricpp\trunk\ricpp2\workspace\eclipse/../../3rdparty/win32/zlib123-dll/include -O0 -g3 -Wall -c -fmessage-length=0 -o Source\inputstate.o ..\..\..\..\source\ricontext\inputstate.cpp
g++ -ID:\Projects\ricpp\trunk\ricpp2\workspace\eclipse/../../source/include -ID:\Projects\ricpp\trunk\ricpp2\workspace\eclipse/../../3rdparty/win32/zlib123-dll/include -O0 -g3 -Wall -c -fmessage-length=0 -o Source\attributes.o ..\..\..\..\source\ricontext\attributes.cpp
g++ -ID:\Projects\ricpp\trunk\ricpp2\workspace\eclipse/../../source/include -ID:\Projects\ricpp\trunk\ricpp2\workspace\eclipse/../../3rdparty/win32/zlib123-dll/include -O0 -g3 -Wall -c -fmessage-length=0 -o Source\modestack.o ..\..\..\..\source\ricontext\modestack.cpp
g++ -ID:\Projects\ricpp\trunk\ricpp2\workspace\eclipse/../../source/include -ID:\Projects\ricpp\trunk\ricpp2\workspace\eclipse/../../3rdparty/win32/zlib123-dll/include -O0 -g3 -Wall -c -fmessage-length=0 -o Source\surface.o ..\..\..\..\source\ricontext\surface.cpp
g++ -ID:\Projects\ricpp\trunk\ricpp2\workspace\eclipse/../../source/include -ID:\Projects\ricpp\trunk\ricpp2\workspace\eclipse/../../3rdparty/win32/zlib123-dll/include -O0 -g3 -Wall -c -fmessage-length=0 -o Source\options.o ..\..\..\..\source\ricontext\options.cpp
g++ -ID:\Projects\ricpp\trunk\ricpp2\workspace\eclipse/../../source/include -ID:\Projects\ricpp\trunk\ricpp2\workspace\eclipse/../../3rdparty/win32/zlib123-dll/include -O0 -g3 -Wall -c -fmessage-length=0 -o Source\triangulation.o ..\..\..\..\source\ricontext\triangulation.cpp
g++ -ID:\Projects\ricpp\trunk\ricpp2\workspace\eclipse/../../source/include -ID:\Projects\ricpp\trunk\ricpp2\workspace\eclipse/../../3rdparty/win32/zlib123-dll/include -O0 -g3 -Wall -c -fmessage-length=0 -o Source\renderstate.o ..\..\..\..\source\ricontext\renderstate.cpp
g++ -ID:\Projects\ricpp\trunk\ricpp2\workspace\eclipse/../../source/include -ID:\Projects\ricpp\trunk\ricpp2\workspace\eclipse/../../3rdparty/win32/zlib123-dll/include -O0 -g3 -Wall -c -fmessage-length=0 -o Source\polygon.o ..\..\..\..\source\ricontext\polygon.cpp
g++ -ID:\Projects\ricpp\trunk\ricpp2\workspace\eclipse/../../source/include -ID:\Projects\ricpp\trunk\ricpp2\workspace\eclipse/../../3rdparty/win32/zlib123-dll/include -O0 -g3 -Wall -c -fmessage-length=0 -o Source\contextcreator.o ..\..\..\..\source\ricontext\contextcreator.cpp
g++ -ID:\Projects\ricpp\trunk\ricpp2\workspace\eclipse/../../source/include -ID:\Projects\ricpp\trunk\ricpp2\workspace\eclipse/../../3rdparty/win32/zlib123-dll/include -O0 -g3 -Wall -c -fmessage-length=0 -o Source\grid.o ..\..\..\..\source\ricontext\grid.cpp
g++ -ID:\Projects\ricpp\trunk\ricpp2\workspace\eclipse/../../source/include -ID:\Projects\ricpp\trunk\ricpp2\workspace\eclipse/../../3rdparty/win32/zlib123-dll/include -O0 -g3 -Wall -c -fmessage-length=0 -o Source\subdivision.o ..\..\..\..\source\ricontext\subdivision.cpp
g++ -ID:\Projects\ricpp\trunk\ricpp2\workspace\eclipse/../../source/include -ID:\Projects\ricpp\trunk\ricpp2\workspace\eclipse/../../3rdparty/win32/zlib123-dll/include -O0 -g3 -Wall -c -fmessage-length=0 -o Source\motionstate.o ..\..\..\..\source\ricontext\motionstate.cpp
g++ -ID:\Projects\ricpp\trunk\ricpp2\workspace\eclipse/../../source/include -ID:\Projects\ricpp\trunk\ricpp2\workspace\eclipse/../../3rdparty/win32/zlib123-dll/include -O0 -g3 -Wall -c -fmessage-length=0 -o Source\lights.o ..\..\..\..\source\ricontext\lights.cpp
g++ -ID:\Projects\ricpp\trunk\ricpp2\workspace\eclipse/../../source/include -ID:\Projects\ricpp\trunk\ricpp2\workspace\eclipse/../../3rdparty/win32/zlib123-dll/include -O0 -g3 -Wall -c -fmessage-length=0 -o Source\parameter.o ..\..\..\..\source\ricontext\parameter.cpp
g++ -ID:\Projects\ricpp\trunk\ricpp2\workspace\eclipse/../../source/include -ID:\Projects\ricpp\trunk\ricpp2\workspace\eclipse/../../3rdparty/win32/zlib123-dll/include -O0 -g3 -Wall -c -fmessage-length=0 -o Source\transformation.o ..\..\..\..\source\ricontext\transformation.cpp
g++ -ID:\Projects\ricpp\trunk\ricpp2\workspace\eclipse/../../source/include -ID:\Projects\ricpp\trunk\ricpp2\workspace\eclipse/../../3rdparty/win32/zlib123-dll/include -O0 -g3 -Wall -c -fmessage-length=0 -o Source\rimacro.o ..\..\..\..\source\ricontext\rimacro.cpp
g++ -ID:\Projects\ricpp\trunk\ricpp2\workspace\eclipse/../../source/include -ID:\Projects\ricpp\trunk\ricpp2\workspace\eclipse/../../3rdparty/win32/zlib123-dll/include -O0 -g3 -Wall -c -fmessage-length=0 -o Source\optionsbase.o ..\..\..\..\source\ricontext\optionsbase.cpp
g++ -ID:\Projects\ricpp\trunk\ricpp2\workspace\eclipse/../../source/include -ID:\Projects\ricpp\trunk\ricpp2\workspace\eclipse/../../3rdparty/win32/zlib123-dll/include -O0 -g3 -Wall -c -fmessage-length=0 -o Source\resource.o ..\..\..\..\source\ricontext\resource.cpp
g++ -ID:\Projects\ricpp\trunk\ricpp2\workspace\eclipse/../../source/include -ID:\Projects\ricpp\trunk\ricpp2\workspace\eclipse/../../3rdparty/win32/zlib123-dll/include -O0 -g3 -Wall -c -fmessage-length=0 -o Source\blend.o ..\..\..\..\source\ricontext\blend.cpp
g++ -ID:\Projects\ricpp\trunk\ricpp2\workspace\eclipse/../../source/include -ID:\Projects\ricpp\trunk\ricpp2\workspace\eclipse/../../3rdparty/win32/zlib123-dll/include -O0 -g3 -Wall -c -fmessage-length=0 -o Source\ricontext.o ..\..\..\..\source\ricontext\ricontext.cpp
g++ -ID:\Projects\ricpp\trunk\ricpp2\workspace\eclipse/../../source/include -ID:\Projects\ricpp\trunk\ricpp2\workspace\eclipse/../../3rdparty/win32/zlib123-dll/include -O0 -g3 -Wall -c -fmessage-length=0 -o Source\ribelements.o ..\..\..\..\source\ricontext\ribelements.cpp
ar -r libricontext.a Source\triangulation.o Source\transformation.o Source\surface.o Source\subdivision.o Source\rimacro.o Source\ricontext.o Source\ribelements.o Source\resource.o Source\renderstate.o Source\polygon.o Source\parameter.o Source\optionsbase.o Source\options.o Source\motionstate.o Source\modestack.o Source\lights.o Source\inputstate.o Source\grid.o Source\displaydesc.o Source\contextcreator.o Source\blend.o Source\attributes.o
Build complete for project ricontext
Time consumed: 63058  ms.  

**** Rebuild of configuration Debug for project pluginhandler ****

**** Internal Builder is used for build               ****
g++ -ID:\Projects\ricpp\trunk\ricpp2\workspace\eclipse/../../source/include -ID:\Projects\ricpp\trunk\ricpp2\workspace\eclipse/../../3rdparty/win32/zlib123-dll/include -O0 -g3 -Wall -c -fmessage-length=0 -o Source\pluginhandler.o ..\..\..\..\source\pluginhandler\pluginhandler.cpp
ar -r libpluginhandler.a Source\pluginhandler.o
Build complete for project pluginhandler
Time consumed: 1077  ms.  

**** Rebuild of configuration Debug for project streams ****

**** Internal Builder is used for build               ****
g++ -ID:\Projects\ricpp\trunk\ricpp2\workspace\eclipse/../../source/include -ID:\Projects\ricpp\trunk\ricpp2\workspace\eclipse/../../3rdparty/win32/zlib123-dll/include -O0 -g3 -Wall -c -fmessage-length=0 -o Source\backbuffer.o ..\..\..\..\source\streams\backbuffer.cpp
g++ -ID:\Projects\ricpp\trunk\ricpp2\workspace\eclipse/../../source/include -ID:\Projects\ricpp\trunk\ricpp2\workspace\eclipse/../../3rdparty/win32/zlib123-dll/include -O0 -g3 -Wall -c -fmessage-length=0 -o Source\uri.o ..\..\..\..\source\streams\uri.cpp
ar -r libstreams.a Source\uri.o Source\backbuffer.o
Build complete for project streams
Time consumed: 3775  ms.  

**** Rebuild of configuration Debug for project ricppbridge ****

**** Internal Builder is used for build               ****
g++ -ID:\Projects\ricpp\trunk\ricpp2\workspace\eclipse/../../source/include -ID:\Projects\ricpp\trunk\ricpp2\workspace\eclipse/../../3rdparty/win32/zlib123-dll/include -O0 -g3 -Wall -c -fmessage-length=0 -o Source\ricppbridge.o ..\..\..\..\source\ricppbridge\ricppbridge.cpp
ar -r libricppbridge.a Source\ricppbridge.o
Build complete for project ricppbridge
Time consumed: 7360  ms.  

**** Rebuild of configuration Debug for project rendererloader ****

**** Internal Builder is used for build               ****
g++ -ID:\Projects\ricpp\trunk\ricpp2\workspace\eclipse/../../source/include -ID:\Projects\ricpp\trunk\ricpp2\workspace\eclipse/../../3rdparty/win32/zlib123-dll/include -O0 -g3 -Wall -c -fmessage-length=0 -o Source\rendererloader.o ..\..\..\..\source\rendererloader\rendererloader.cpp
ar -r librendererloader.a Source\rendererloader.o
Build complete for project rendererloader
Time consumed: 2886  ms.  

**** Rebuild of configuration Debug for project ribparser ****

**** Internal Builder is used for build               ****
g++ -ID:\Projects\ricpp\trunk\ricpp2\workspace\eclipse/../../source/include -ID:\Projects\ricpp\trunk\ricpp2\workspace\eclipse/../../3rdparty/win32/zlib123-dll/include -O0 -g3 -Wall -c -fmessage-length=0 -o Source\ribmisc.o ..\..\..\..\source\ribparser\ribmisc.cpp
g++ -ID:\Projects\ricpp\trunk\ricpp2\workspace\eclipse/../../source/include -ID:\Projects\ricpp\trunk\ricpp2\workspace\eclipse/../../3rdparty/win32/zlib123-dll/include -O0 -g3 -Wall -c -fmessage-length=0 -o Source\ribtransforms.o ..\..\..\..\source\ribparser\ribtransforms.cpp
g++ -ID:\Projects\ricpp\trunk\ricpp2\workspace\eclipse/../../source/include -ID:\Projects\ricpp\trunk\ricpp2\workspace\eclipse/../../3rdparty/win32/zlib123-dll/include -O0 -g3 -Wall -c -fmessage-length=0 -o Source\riboptions.o ..\..\..\..\source\ribparser\riboptions.cpp
g++ -ID:\Projects\ricpp\trunk\ricpp2\workspace\eclipse/../../source/include -ID:\Projects\ricpp\trunk\ricpp2\workspace\eclipse/../../3rdparty/win32/zlib123-dll/include -O0 -g3 -Wall -c -fmessage-length=0 -o Source\ribprims.o ..\..\..\..\source\ribparser\ribprims.cpp
g++ -ID:\Projects\ricpp\trunk\ricpp2\workspace\eclipse/../../source/include -ID:\Projects\ricpp\trunk\ricpp2\workspace\eclipse/../../3rdparty/win32/zlib123-dll/include -O0 -g3 -Wall -c -fmessage-length=0 -o Source\ribmodes.o ..\..\..\..\source\ribparser\ribmodes.cpp
g++ -ID:\Projects\ricpp\trunk\ricpp2\workspace\eclipse/../../source/include -ID:\Projects\ricpp\trunk\ricpp2\workspace\eclipse/../../3rdparty/win32/zlib123-dll/include -O0 -g3 -Wall -c -fmessage-length=0 -o Source\riblights.o ..\..\..\..\source\ribparser\riblights.cpp
g++ -ID:\Projects\ricpp\trunk\ricpp2\workspace\eclipse/../../source/include -ID:\Projects\ricpp\trunk\ricpp2\workspace\eclipse/../../3rdparty/win32/zlib123-dll/include -O0 -g3 -Wall -c -fmessage-length=0 -o Source\ribparser.o ..\..\..\..\source\ribparser\ribparser.cpp
g++ -ID:\Projects\ricpp\trunk\ricpp2\workspace\eclipse/../../source/include -ID:\Projects\ricpp\trunk\ricpp2\workspace\eclipse/../../3rdparty/win32/zlib123-dll/include -O0 -g3 -Wall -c -fmessage-length=0 -o Source\ribattributes.o ..\..\..\..\source\ribparser\ribattributes.cpp
g++ -ID:\Projects\ricpp\trunk\ricpp2\workspace\eclipse/../../source/include -ID:\Projects\ricpp\trunk\ricpp2\workspace\eclipse/../../3rdparty/win32/zlib123-dll/include -O0 -g3 -Wall -c -fmessage-length=0 -o Source\ribexternals.o ..\..\..\..\source\ribparser\ribexternals.cpp
ar -r libribparser.a Source\ribtransforms.o Source\ribprims.o Source\ribparser.o Source\riboptions.o Source\ribmodes.o Source\ribmisc.o Source\riblights.o Source\ribexternals.o Source\ribattributes.o
Build complete for project ribparser
Time consumed: 29531  ms.  

**** Rebuild of configuration Debug for project gendynlib ****

**** Internal Builder is used for build               ****
g++ -ID:\Projects\ricpp\trunk\ricpp2\workspace\eclipse/../../source/include -ID:\Projects\ricpp\trunk\ricpp2\workspace\eclipse/../../3rdparty/win32/zlib123-dll/include -O0 -g3 -Wall -c -fmessage-length=0 -o Source\win32dynlib.o ..\..\..\..\source\gendynlib\win32dynlib.cpp
g++ -ID:\Projects\ricpp\trunk\ricpp2\workspace\eclipse/../../source/include -ID:\Projects\ricpp\trunk\ricpp2\workspace\eclipse/../../3rdparty/win32/zlib123-dll/include -O0 -g3 -Wall -c -fmessage-length=0 -o Source\dynlib.o ..\..\..\..\source\gendynlib\dynlib.cpp
ar -r libgendynlib.a Source\win32dynlib.o Source\dynlib.o
Build complete for project gendynlib
Time consumed: 2325  ms.  

**** Rebuild of configuration Debug for project ri ****

**** Internal Builder is used for build               ****
g++ -ID:\Projects\ricpp\trunk\ricpp2\workspace\eclipse/../../source/include -ID:\Projects\ricpp\trunk\ricpp2\workspace\eclipse/../../3rdparty/win32/zlib123-dll/include -O0 -g3 -Wall -c -fmessage-length=0 -o Source\ri.o ..\..\..\..\source\ri\ri.cpp
ar -r libri.a Source\ri.o
Build complete for project ri
Time consumed: 2574  ms.  

**** Build of configuration Debug for project riprog ****

**** Internal Builder is used for build               ****
Nothing to build for riprog

**** Build of configuration Debug for project glutrib ****

**** Internal Builder is used for build               ****
Nothing to build for glutrib

**** Build of configuration Debug for project tools ****

**** Internal Builder is used for build               ****
g++ -ID:\Projects\ricpp\trunk\ricpp2\workspace\eclipse/../../source/include -ID:\Projects\ricpp\trunk\ricpp2\workspace\eclipse/../../3rdparty/win32/zlib123-dll/include -O0 -g3 -Wall -c -fmessage-length=0 -o Source\stringlist.o ..\..\..\..\source\tools\stringlist.cpp
g++ -ID:\Projects\ricpp\trunk\ricpp2\workspace\eclipse/../../source/include -ID:\Projects\ricpp\trunk\ricpp2\workspace\eclipse/../../3rdparty/win32/zlib123-dll/include -O0 -g3 -Wall -c -fmessage-length=0 -o Source\stringpattern.o ..\..\..\..\source\tools\stringpattern.cpp
g++ -ID:\Projects\ricpp\trunk\ricpp2\workspace\eclipse/../../source/include -ID:\Projects\ricpp\trunk\ricpp2\workspace\eclipse/../../3rdparty/win32/zlib123-dll/include -O0 -g3 -Wall -c -fmessage-length=0 -o Source\tools.o ..\..\..\..\source\tools\tools.cpp
g++ -ID:\Projects\ricpp\trunk\ricpp2\workspace\eclipse/../../source/include -ID:\Projects\ricpp\trunk\ricpp2\workspace\eclipse/../../3rdparty/win32/zlib123-dll/include -O0 -g3 -Wall -c -fmessage-length=0 -o Source\win32env.o ..\..\..\..\source\tools\win32env.cpp
g++ -ID:\Projects\ricpp\trunk\ricpp2\workspace\eclipse/../../source/include -ID:\Projects\ricpp\trunk\ricpp2\workspace\eclipse/../../3rdparty/win32/zlib123-dll/include -O0 -g3 -Wall -c -fmessage-length=0 -o Source\win32filepath.o ..\..\..\..\source\tools\win32filepath.cpp
ar -r libtools.a Source\win32filepath.o Source\win32env.o Source\tools.o Source\stringpattern.o Source\stringlist.o
Build complete for project tools
Time consumed: 3728  ms.  

**** Build of configuration Debug for project ribase ****

**** Internal Builder is used for build               ****
g++ -ID:\Projects\ricpp\trunk\ricpp2\workspace\eclipse/../../source/include -ID:\Projects\ricpp\trunk\ricpp2\workspace\eclipse/../../3rdparty/win32/zlib123-dll/include -O0 -g3 -Wall -c -fmessage-length=0 -o Source\ribase.o ..\..\..\..\source\ribase\ribase.cpp
ar -r libribase.a Source\ribase.o
Build complete for project ribase
Time consumed: 687  ms.  

**** Build of configuration Debug for project gendynlib ****

**** Internal Builder is used for build               ****
g++ -ID:\Projects\ricpp\trunk\ricpp2\workspace\eclipse/../../source/include -ID:\Projects\ricpp\trunk\ricpp2\workspace\eclipse/../../3rdparty/win32/zlib123-dll/include -O0 -g3 -Wall -c -fmessage-length=0 -o Source\win32dynlib.o ..\..\..\..\source\gendynlib\win32dynlib.cpp
g++ -ID:\Projects\ricpp\trunk\ricpp2\workspace\eclipse/../../source/include -ID:\Projects\ricpp\trunk\ricpp2\workspace\eclipse/../../3rdparty/win32/zlib123-dll/include -O0 -g3 -Wall -c -fmessage-length=0 -o Source\dynlib.o ..\..\..\..\source\gendynlib\dynlib.cpp
ar -r libgendynlib.a Source\win32dynlib.o Source\dynlib.o
Build complete for project gendynlib
Time consumed: 2574  ms.  

**** Build of configuration Debug for project ricpp ****

**** Internal Builder is used for build               ****
g++ -ID:\Projects\ricpp\trunk\ricpp2\workspace\eclipse/../../source/include -ID:\Projects\ricpp\trunk\ricpp2\workspace\eclipse/../../3rdparty/win32/zlib123-dll/include -O0 -g3 -Wall -c -fmessage-length=0 -o Source\filters.o ..\..\..\..\source\ricpp\filters.cpp
g++ -ID:\Projects\ricpp\trunk\ricpp2\workspace\eclipse/../../source/include -ID:\Projects\ricpp\trunk\ricpp2\workspace\eclipse/../../3rdparty/win32/zlib123-dll/include -O0 -g3 -Wall -c -fmessage-length=0 -o Source\paramclasses.o ..\..\..\..\source\ricpp\paramclasses.cpp
g++ -ID:\Projects\ricpp\trunk\ricpp2\workspace\eclipse/../../source/include -ID:\Projects\ricpp\trunk\ricpp2\workspace\eclipse/../../3rdparty/win32/zlib123-dll/include -O0 -g3 -Wall -c -fmessage-length=0 -o Source\requests.o ..\..\..\..\source\ricpp\requests.cpp
g++ -ID:\Projects\ricpp\trunk\ricpp2\workspace\eclipse/../../source/include -ID:\Projects\ricpp\trunk\ricpp2\workspace\eclipse/../../3rdparty/win32/zlib123-dll/include -O0 -g3 -Wall -c -fmessage-length=0 -o Source\riroot.o ..\..\..\..\source\ricpp\riroot.cpp
g++ -ID:\Projects\ricpp\trunk\ricpp2\workspace\eclipse/../../source/include -ID:\Projects\ricpp\trunk\ricpp2\workspace\eclipse/../../3rdparty/win32/zlib123-dll/include -O0 -g3 -Wall -c -fmessage-length=0 -o Source\ricpperror.o ..\..\..\..\source\ricpp\ricpperror.cpp
g++ -ID:\Projects\ricpp\trunk\ricpp2\workspace\eclipse/../../source/include -ID:\Projects\ricpp\trunk\ricpp2\workspace\eclipse/../../3rdparty/win32/zlib123-dll/include -O0 -g3 -Wall -c -fmessage-length=0 -o Source\errorhandlers.o ..\..\..\..\source\ricpp\errorhandlers.cpp
g++ -ID:\Projects\ricpp\trunk\ricpp2\workspace\eclipse/../../source/include -ID:\Projects\ricpp\trunk\ricpp2\workspace\eclipse/../../3rdparty/win32/zlib123-dll/include -O0 -g3 -Wall -c -fmessage-length=0 -o Source\varsubst.o ..\..\..\..\source\ricpp\varsubst.cpp
g++ -ID:\Projects\ricpp\trunk\ricpp2\workspace\eclipse/../../source/include -ID:\Projects\ricpp\trunk\ricpp2\workspace\eclipse/../../3rdparty/win32/zlib123-dll/include -O0 -g3 -Wall -c -fmessage-length=0 -o Source\subdivfunc.o ..\..\..\..\source\ricpp\subdivfunc.cpp
g++ -ID:\Projects\ricpp\trunk\ricpp2\workspace\eclipse/../../source/include -ID:\Projects\ricpp\trunk\ricpp2\workspace\eclipse/../../3rdparty/win32/zlib123-dll/include -O0 -g3 -Wall -c -fmessage-length=0 -o Source\types.o ..\..\..\..\source\ricpp\types.cpp
ar -r libricpp.a Source\varsubst.o Source\types.o Source\subdivfunc.o Source\riroot.o Source\ricpperror.o Source\requests.o Source\paramclasses.o Source\filters.o Source\errorhandlers.o
Build complete for project ricpp
Time consumed: 7051  ms.  

**** Build of configuration Debug for project declaration ****

**** Internal Builder is used for build               ****
g++ -ID:\Projects\ricpp\trunk\ricpp2\workspace\eclipse/../../source/include -ID:\Projects\ricpp\trunk\ricpp2\workspace\eclipse/../../3rdparty/win32/zlib123-dll/include -O0 -g3 -Wall -c -fmessage-length=0 -o Source\declaration.o ..\..\..\..\source\declaration\declaration.cpp
g++ -ID:\Projects\ricpp\trunk\ricpp2\workspace\eclipse/../../source/include -ID:\Projects\ricpp\trunk\ricpp2\workspace\eclipse/../../3rdparty/win32/zlib123-dll/include -O0 -g3 -Wall -c -fmessage-length=0 -o Source\decldict.o ..\..\..\..\source\declaration\decldict.cpp
g++ -ID:\Projects\ricpp\trunk\ricpp2\workspace\eclipse/../../source/include -ID:\Projects\ricpp\trunk\ricpp2\workspace\eclipse/../../3rdparty/win32/zlib123-dll/include -O0 -g3 -Wall -c -fmessage-length=0 -o Source\tokenmap.o ..\..\..\..\source\declaration\tokenmap.cpp
ar -r libdeclaration.a Source\tokenmap.o Source\decldict.o Source\declaration.o
Build complete for project declaration
Time consumed: 3291  ms.  

**** Build of configuration Debug for project pluginhandler ****

**** Internal Builder is used for build               ****
g++ -ID:\Projects\ricpp\trunk\ricpp2\workspace\eclipse/../../source/include -ID:\Projects\ricpp\trunk\ricpp2\workspace\eclipse/../../3rdparty/win32/zlib123-dll/include -O0 -g3 -Wall -c -fmessage-length=0 -o Source\pluginhandler.o ..\..\..\..\source\pluginhandler\pluginhandler.cpp
ar -r libpluginhandler.a Source\pluginhandler.o
Build complete for project pluginhandler
Time consumed: 1216  ms.  

**** Build of configuration Debug for project ribfilter ****

**** Internal Builder is used for build               ****
g++ -ID:\Projects\ricpp\trunk\ricpp2\workspace\eclipse/../../source/include -ID:\Projects\ricpp\trunk\ricpp2\workspace\eclipse/../../3rdparty/win32/zlib123-dll/include -O0 -g3 -Wall -c -fmessage-length=0 -o Source\ribfilterlist.o ..\..\..\..\source\ribfilter\ribfilterlist.cpp
g++ -ID:\Projects\ricpp\trunk\ricpp2\workspace\eclipse/../../source/include -ID:\Projects\ricpp\trunk\ricpp2\workspace\eclipse/../../3rdparty/win32/zlib123-dll/include -O0 -g3 -Wall -c -fmessage-length=0 -o Source\ribfilter.o ..\..\..\..\source\ribfilter\ribfilter.cpp
ar -r libribfilter.a Source\ribfilterlist.o Source\ribfilter.o
Build complete for project ribfilter
Time consumed: 2823  ms.  

**** Build of configuration Debug for project passthrough ****

**** Internal Builder is used for build               ****
Nothing to build for passthrough

**** Build of configuration Debug for project streams ****

**** Internal Builder is used for build               ****
g++ -ID:\Projects\ricpp\trunk\ricpp2\workspace\eclipse/../../source/include -ID:\Projects\ricpp\trunk\ricpp2\workspace\eclipse/../../3rdparty/win32/zlib123-dll/include -O0 -g3 -Wall -c -fmessage-length=0 -o Source\backbuffer.o ..\..\..\..\source\streams\backbuffer.cpp
g++ -ID:\Projects\ricpp\trunk\ricpp2\workspace\eclipse/../../source/include -ID:\Projects\ricpp\trunk\ricpp2\workspace\eclipse/../../3rdparty/win32/zlib123-dll/include -O0 -g3 -Wall -c -fmessage-length=0 -o Source\uri.o ..\..\..\..\source\streams\uri.cpp
ar -r libstreams.a Source\uri.o Source\backbuffer.o
Build complete for project streams
Time consumed: 4072  ms.  

**** Build of configuration Debug for project ricontext ****

**** Internal Builder is used for build               ****
g++ -ID:\Projects\ricpp\trunk\ricpp2\workspace\eclipse/../../source/include -ID:\Projects\ricpp\trunk\ricpp2\workspace\eclipse/../../3rdparty/win32/zlib123-dll/include -O0 -g3 -Wall -c -fmessage-length=0 -o Source\transformation.o ..\..\..\..\source\ricontext\transformation.cpp
g++ -ID:\Projects\ricpp\trunk\ricpp2\workspace\eclipse/../../source/include -ID:\Projects\ricpp\trunk\ricpp2\workspace\eclipse/../../3rdparty/win32/zlib123-dll/include -O0 -g3 -Wall -c -fmessage-length=0 -o Source\rimacro.o ..\..\..\..\source\ricontext\rimacro.cpp
g++ -ID:\Projects\ricpp\trunk\ricpp2\workspace\eclipse/../../source/include -ID:\Projects\ricpp\trunk\ricpp2\workspace\eclipse/../../3rdparty/win32/zlib123-dll/include -O0 -g3 -Wall -c -fmessage-length=0 -o Source\polygon.o ..\..\..\..\source\ricontext\polygon.cpp
g++ -ID:\Projects\ricpp\trunk\ricpp2\workspace\eclipse/../../source/include -ID:\Projects\ricpp\trunk\ricpp2\workspace\eclipse/../../3rdparty/win32/zlib123-dll/include -O0 -g3 -Wall -c -fmessage-length=0 -o Source\parameter.o ..\..\..\..\source\ricontext\parameter.cpp
g++ -ID:\Projects\ricpp\trunk\ricpp2\workspace\eclipse/../../source/include -ID:\Projects\ricpp\trunk\ricpp2\workspace\eclipse/../../3rdparty/win32/zlib123-dll/include -O0 -g3 -Wall -c -fmessage-length=0 -o Source\optionsbase.o ..\..\..\..\source\ricontext\optionsbase.cpp
g++ -ID:\Projects\ricpp\trunk\ricpp2\workspace\eclipse/../../source/include -ID:\Projects\ricpp\trunk\ricpp2\workspace\eclipse/../../3rdparty/win32/zlib123-dll/include -O0 -g3 -Wall -c -fmessage-length=0 -o Source\inputstate.o ..\..\..\..\source\ricontext\inputstate.cpp
g++ -ID:\Projects\ricpp\trunk\ricpp2\workspace\eclipse/../../source/include -ID:\Projects\ricpp\trunk\ricpp2\workspace\eclipse/../../3rdparty/win32/zlib123-dll/include -O0 -g3 -Wall -c -fmessage-length=0 -o Source\motionstate.o ..\..\..\..\source\ricontext\motionstate.cpp
g++ -ID:\Projects\ricpp\trunk\ricpp2\workspace\eclipse/../../source/include -ID:\Projects\ricpp\trunk\ricpp2\workspace\eclipse/../../3rdparty/win32/zlib123-dll/include -O0 -g3 -Wall -c -fmessage-length=0 -o Source\ricontext.o ..\..\..\..\source\ricontext\ricontext.cpp
g++ -ID:\Projects\ricpp\trunk\ricpp2\workspace\eclipse/../../source/include -ID:\Projects\ricpp\trunk\ricpp2\workspace\eclipse/../../3rdparty/win32/zlib123-dll/include -O0 -g3 -Wall -c -fmessage-length=0 -o Source\blend.o ..\..\..\..\source\ricontext\blend.cpp
g++ -ID:\Projects\ricpp\trunk\ricpp2\workspace\eclipse/../../source/include -ID:\Projects\ricpp\trunk\ricpp2\workspace\eclipse/../../3rdparty/win32/zlib123-dll/include -O0 -g3 -Wall -c -fmessage-length=0 -o Source\grid.o ..\..\..\..\source\ricontext\grid.cpp
g++ -ID:\Projects\ricpp\trunk\ricpp2\workspace\eclipse/../../source/include -ID:\Projects\ricpp\trunk\ricpp2\workspace\eclipse/../../3rdparty/win32/zlib123-dll/include -O0 -g3 -Wall -c -fmessage-length=0 -o Source\triangulation.o ..\..\..\..\source\ricontext\triangulation.cpp
g++ -ID:\Projects\ricpp\trunk\ricpp2\workspace\eclipse/../../source/include -ID:\Projects\ricpp\trunk\ricpp2\workspace\eclipse/../../3rdparty/win32/zlib123-dll/include -O0 -g3 -Wall -c -fmessage-length=0 -o Source\subdivision.o ..\..\..\..\source\ricontext\subdivision.cpp
g++ -ID:\Projects\ricpp\trunk\ricpp2\workspace\eclipse/../../source/include -ID:\Projects\ricpp\trunk\ricpp2\workspace\eclipse/../../3rdparty/win32/zlib123-dll/include -O0 -g3 -Wall -c -fmessage-length=0 -o Source\lights.o ..\..\..\..\source\ricontext\lights.cpp
g++ -ID:\Projects\ricpp\trunk\ricpp2\workspace\eclipse/../../source/include -ID:\Projects\ricpp\trunk\ricpp2\workspace\eclipse/../../3rdparty/win32/zlib123-dll/include -O0 -g3 -Wall -c -fmessage-length=0 -o Source\contextcreator.o ..\..\..\..\source\ricontext\contextcreator.cpp
g++ -ID:\Projects\ricpp\trunk\ricpp2\workspace\eclipse/../../source/include -ID:\Projects\ricpp\trunk\ricpp2\workspace\eclipse/../../3rdparty/win32/zlib123-dll/include -O0 -g3 -Wall -c -fmessage-length=0 -o Source\renderstate.o ..\..\..\..\source\ricontext\renderstate.cpp
g++ -ID:\Projects\ricpp\trunk\ricpp2\workspace\eclipse/../../source/include -ID:\Projects\ricpp\trunk\ricpp2\workspace\eclipse/../../3rdparty/win32/zlib123-dll/include -O0 -g3 -Wall -c -fmessage-length=0 -o Source\displaydesc.o ..\..\..\..\source\ricontext\displaydesc.cpp
g++ -ID:\Projects\ricpp\trunk\ricpp2\workspace\eclipse/../../source/include -ID:\Projects\ricpp\trunk\ricpp2\workspace\eclipse/../../3rdparty/win32/zlib123-dll/include -O0 -g3 -Wall -c -fmessage-length=0 -o Source\surface.o ..\..\..\..\source\ricontext\surface.cpp
g++ -ID:\Projects\ricpp\trunk\ricpp2\workspace\eclipse/../../source/include -ID:\Projects\ricpp\trunk\ricpp2\workspace\eclipse/../../3rdparty/win32/zlib123-dll/include -O0 -g3 -Wall -c -fmessage-length=0 -o Source\resource.o ..\..\..\..\source\ricontext\resource.cpp
g++ -ID:\Projects\ricpp\trunk\ricpp2\workspace\eclipse/../../source/include -ID:\Projects\ricpp\trunk\ricpp2\workspace\eclipse/../../3rdparty/win32/zlib123-dll/include -O0 -g3 -Wall -c -fmessage-length=0 -o Source\options.o ..\..\..\..\source\ricontext\options.cpp
g++ -ID:\Projects\ricpp\trunk\ricpp2\workspace\eclipse/../../source/include -ID:\Projects\ricpp\trunk\ricpp2\workspace\eclipse/../../3rdparty/win32/zlib123-dll/include -O0 -g3 -Wall -c -fmessage-length=0 -o Source\attributes.o ..\..\..\..\source\ricontext\attributes.cpp
g++ -ID:\Projects\ricpp\trunk\ricpp2\workspace\eclipse/../../source/include -ID:\Projects\ricpp\trunk\ricpp2\workspace\eclipse/../../3rdparty/win32/zlib123-dll/include -O0 -g3 -Wall -c -fmessage-length=0 -o Source\ribelements.o ..\..\..\..\source\ricontext\ribelements.cpp
g++ -ID:\Projects\ricpp\trunk\ricpp2\workspace\eclipse/../../source/include -ID:\Projects\ricpp\trunk\ricpp2\workspace\eclipse/../../3rdparty/win32/zlib123-dll/include -O0 -g3 -Wall -c -fmessage-length=0 -o Source\modestack.o ..\..\..\..\source\ricontext\modestack.cpp
ar -r libricontext.a Source\triangulation.o Source\transformation.o Source\surface.o Source\subdivision.o Source\rimacro.o Source\ricontext.o Source\ribelements.o Source\resource.o Source\renderstate.o Source\polygon.o Source\parameter.o Source\optionsbase.o Source\options.o Source\motionstate.o Source\modestack.o Source\lights.o Source\inputstate.o Source\grid.o Source\displaydesc.o Source\contextcreator.o Source\blend.o Source\attributes.o
Build complete for project ricontext
Time consumed: 67705  ms.  

**** Build of configuration Debug for project rendererloader ****

**** Internal Builder is used for build               ****
g++ -ID:\Projects\ricpp\trunk\ricpp2\workspace\eclipse/../../source/include -ID:\Projects\ricpp\trunk\ricpp2\workspace\eclipse/../../3rdparty/win32/zlib123-dll/include -O0 -g3 -Wall -c -fmessage-length=0 -o Source\rendererloader.o ..\..\..\..\source\rendererloader\rendererloader.cpp
ar -r librendererloader.a Source\rendererloader.o
Build complete for project rendererloader
Time consumed: 2949  ms.  

**** Build of configuration Debug for project ribparser ****

**** Internal Builder is used for build               ****
g++ -ID:\Projects\ricpp\trunk\ricpp2\workspace\eclipse/../../source/include -ID:\Projects\ricpp\trunk\ricpp2\workspace\eclipse/../../3rdparty/win32/zlib123-dll/include -O0 -g3 -Wall -c -fmessage-length=0 -o Source\ribmisc.o ..\..\..\..\source\ribparser\ribmisc.cpp
g++ -ID:\Projects\ricpp\trunk\ricpp2\workspace\eclipse/../../source/include -ID:\Projects\ricpp\trunk\ricpp2\workspace\eclipse/../../3rdparty/win32/zlib123-dll/include -O0 -g3 -Wall -c -fmessage-length=0 -o Source\riblights.o ..\..\..\..\source\ribparser\riblights.cpp
g++ -ID:\Projects\ricpp\trunk\ricpp2\workspace\eclipse/../../source/include -ID:\Projects\ricpp\trunk\ricpp2\workspace\eclipse/../../3rdparty/win32/zlib123-dll/include -O0 -g3 -Wall -c -fmessage-length=0 -o Source\ribmodes.o ..\..\..\..\source\ribparser\ribmodes.cpp
g++ -ID:\Projects\ricpp\trunk\ricpp2\workspace\eclipse/../../source/include -ID:\Projects\ricpp\trunk\ricpp2\workspace\eclipse/../../3rdparty/win32/zlib123-dll/include -O0 -g3 -Wall -c -fmessage-length=0 -o Source\ribexternals.o ..\..\..\..\source\ribparser\ribexternals.cpp
g++ -ID:\Projects\ricpp\trunk\ricpp2\workspace\eclipse/../../source/include -ID:\Projects\ricpp\trunk\ricpp2\workspace\eclipse/../../3rdparty/win32/zlib123-dll/include -O0 -g3 -Wall -c -fmessage-length=0 -o Source\riboptions.o ..\..\..\..\source\ribparser\riboptions.cpp
g++ -ID:\Projects\ricpp\trunk\ricpp2\workspace\eclipse/../../source/include -ID:\Projects\ricpp\trunk\ricpp2\workspace\eclipse/../../3rdparty/win32/zlib123-dll/include -O0 -g3 -Wall -c -fmessage-length=0 -o Source\ribparser.o ..\..\..\..\source\ribparser\ribparser.cpp
g++ -ID:\Projects\ricpp\trunk\ricpp2\workspace\eclipse/../../source/include -ID:\Projects\ricpp\trunk\ricpp2\workspace\eclipse/../../3rdparty/win32/zlib123-dll/include -O0 -g3 -Wall -c -fmessage-length=0 -o Source\ribattributes.o ..\..\..\..\source\ribparser\ribattributes.cpp
g++ -ID:\Projects\ricpp\trunk\ricpp2\workspace\eclipse/../../source/include -ID:\Projects\ricpp\trunk\ricpp2\workspace\eclipse/../../3rdparty/win32/zlib123-dll/include -O0 -g3 -Wall -c -fmessage-length=0 -o Source\ribprims.o ..\..\..\..\source\ribparser\ribprims.cpp
g++ -ID:\Projects\ricpp\trunk\ricpp2\workspace\eclipse/../../source/include -ID:\Projects\ricpp\trunk\ricpp2\workspace\eclipse/../../3rdparty/win32/zlib123-dll/include -O0 -g3 -Wall -c -fmessage-length=0 -o Source\ribtransforms.o ..\..\..\..\source\ribparser\ribtransforms.cpp
ar -r libribparser.a Source\ribtransforms.o Source\ribprims.o Source\ribparser.o Source\riboptions.o Source\ribmodes.o Source\ribmisc.o Source\riblights.o Source\ribexternals.o Source\ribattributes.o
Build complete for project ribparser
Time consumed: 29936  ms.  

**** Build of configuration Debug for project ricppbridge ****

**** Internal Builder is used for build               ****
g++ -ID:\Projects\ricpp\trunk\ricpp2\workspace\eclipse/../../source/include -ID:\Projects\ricpp\trunk\ricpp2\workspace\eclipse/../../3rdparty/win32/zlib123-dll/include -O0 -g3 -Wall -c -fmessage-length=0 -o Source\ricppbridge.o ..\..\..\..\source\ricppbridge\ricppbridge.cpp
ar -r libricppbridge.a Source\ricppbridge.o
Build complete for project ricppbridge
Time consumed: 7316  ms.  

**** Build of configuration Debug for project baserenderer ****

**** Internal Builder is used for build               ****
Nothing to build for baserenderer

**** Build of configuration Debug for project ribwriter ****

**** Internal Builder is used for build               ****
Nothing to build for ribwriter

**** Build of configuration Debug for project ribwriterdll ****

**** Internal Builder is used for build               ****
Nothing to build for ribwriterdll

**** Build of configuration Debug for project ri ****

**** Internal Builder is used for build               ****
g++ -ID:\Projects\ricpp\trunk\ricpp2\workspace\eclipse/../../source/include -ID:\Projects\ricpp\trunk\ricpp2\workspace\eclipse/../../3rdparty/win32/zlib123-dll/include -O0 -g3 -Wall -c -fmessage-length=0 -o Source\ri.o ..\..\..\..\source\ri\ri.cpp
ar -r libri.a Source\ri.o
Build complete for project ri
Time consumed: 2559  ms.  

**** Build of configuration Debug for project ridynload ****

**** Internal Builder is used for build               ****
Nothing to build for ridynload

**** Build of configuration Debug for project riprog ****

**** Internal Builder is used for build               ****
Nothing to build for riprog

**** Build of configuration Debug for project glutrib ****

**** Internal Builder is used for build               ****
Nothing to build for glutrib

**** Build of configuration Debug for project glrenderer ****

**** Internal Builder is used for build               ****
Nothing to build for glrenderer

**** Build of configuration Debug for project glrendererdll ****

**** Internal Builder is used for build               ****
Nothing to build for glrendererdll
