
**** Build of configuration Debug for project ricontext ****

**** Internal Builder is used for build               ****
g++ -ID:\Projects\ricpp\trunk\ricpp2\workspace\eclipse/../../source/include -ID:\Projects\ricpp\trunk\ricpp2\workspace\eclipse/../../3rdparty/win32/zlib123-dll/include -O0 -g3 -Wall -c -fmessage-length=0 -o Source\transformation.o ..\..\..\..\source\ricontext\transformation.cpp
g++ -ID:\Projects\ricpp\trunk\ricpp2\workspace\eclipse/../../source/include -ID:\Projects\ricpp\trunk\ricpp2\workspace\eclipse/../../3rdparty/win32/zlib123-dll/include -O0 -g3 -Wall -c -fmessage-length=0 -o Source\rimacro.o ..\..\..\..\source\ricontext\rimacro.cpp
g++ -ID:\Projects\ricpp\trunk\ricpp2\workspace\eclipse/../../source/include -ID:\Projects\ricpp\trunk\ricpp2\workspace\eclipse/../../3rdparty/win32/zlib123-dll/include -O0 -g3 -Wall -c -fmessage-length=0 -o Source\polygon.o ..\..\..\..\source\ricontext\polygon.cpp
g++ -ID:\Projects\ricpp\trunk\ricpp2\workspace\eclipse/../../source/include -ID:\Projects\ricpp\trunk\ricpp2\workspace\eclipse/../../3rdparty/win32/zlib123-dll/include -O0 -g3 -Wall -c -fmessage-length=0 -o Source\parameter.o ..\..\..\..\source\ricontext\parameter.cpp
g++ -ID:\Projects\ricpp\trunk\ricpp2\workspace\eclipse/../../source/include -ID:\Projects\ricpp\trunk\ricpp2\workspace\eclipse/../../3rdparty/win32/zlib123-dll/include -O0 -g3 -Wall -c -fmessage-length=0 -o Source\optionsbase.o ..\..\..\..\source\ricontext\optionsbase.cpp
g++ -ID:\Projects\ricpp\trunk\ricpp2\workspace\eclipse/../../source/include -ID:\Projects\ricpp\trunk\ricpp2\workspace\eclipse/../../3rdparty/win32/zlib123-dll/include -O0 -g3 -Wall -c -fmessage-length=0 -o Source\inputstate.o ..\..\..\..\source\ricontext\inputstate.cpp
g++ -ID:\Projects\ricpp\trunk\ricpp2\workspace\eclipse/../../source/include -ID:\Projects\ricpp\trunk\ricpp2\workspace\eclipse/../../3rdparty/win32/zlib123-dll/include -O0 -g3 -Wall -c -fmessage-length=0 -o Source\motionstate.o ..\..\..\..\source\ricontext\motionstate.cpp
g++ -ID:\Projects\ricpp\trunk\ricpp2\workspace\eclipse/../../source/include -ID:\Projects\ricpp\trunk\ricpp2\workspace\eclipse/../../3rdparty/win32/zlib123-dll/include -O0 -g3 -Wall -c -fmessage-length=0 -o Source\ricontext.o ..\..\..\..\source\ricontext\ricontext.cpp
g++ -ID:\Projects\ricpp\trunk\ricpp2\workspace\eclipse/../../source/include -ID:\Projects\ricpp\trunk\ricpp2\workspace\eclipse/../../3rdparty/win32/zlib123-dll/include -O0 -g3 -Wall -c -fmessage-length=0 -o Source\blend.o ..\..\..\..\source\ricontext\blend.cpp
g++ -ID:\Projects\ricpp\trunk\ricpp2\workspace\eclipse/../../source/include -ID:\Projects\ricpp\trunk\ricpp2\workspace\eclipse/../../3rdparty/win32/zlib123-dll/include -O0 -g3 -Wall -c -fmessage-length=0 -o Source\grid.o ..\..\..\..\source\ricontext\grid.cpp
g++ -ID:\Projects\ricpp\trunk\ricpp2\workspace\eclipse/../../source/include -ID:\Projects\ricpp\trunk\ricpp2\workspace\eclipse/../../3rdparty/win32/zlib123-dll/include -O0 -g3 -Wall -c -fmessage-length=0 -o Source\triangulation.o ..\..\..\..\source\ricontext\triangulation.cpp
g++ -ID:\Projects\ricpp\trunk\ricpp2\workspace\eclipse/../../source/include -ID:\Projects\ricpp\trunk\ricpp2\workspace\eclipse/../../3rdparty/win32/zlib123-dll/include -O0 -g3 -Wall -c -fmessage-length=0 -o Source\subdivision.o ..\..\..\..\source\ricontext\subdivision.cpp
g++ -ID:\Projects\ricpp\trunk\ricpp2\workspace\eclipse/../../source/include -ID:\Projects\ricpp\trunk\ricpp2\workspace\eclipse/../../3rdparty/win32/zlib123-dll/include -O0 -g3 -Wall -c -fmessage-length=0 -o Source\lights.o ..\..\..\..\source\ricontext\lights.cpp
g++ -ID:\Projects\ricpp\trunk\ricpp2\workspace\eclipse/../../source/include -ID:\Projects\ricpp\trunk\ricpp2\workspace\eclipse/../../3rdparty/win32/zlib123-dll/include -O0 -g3 -Wall -c -fmessage-length=0 -o Source\contextcreator.o ..\..\..\..\source\ricontext\contextcreator.cpp
g++ -ID:\Projects\ricpp\trunk\ricpp2\workspace\eclipse/../../source/include -ID:\Projects\ricpp\trunk\ricpp2\workspace\eclipse/../../3rdparty/win32/zlib123-dll/include -O0 -g3 -Wall -c -fmessage-length=0 -o Source\renderstate.o ..\..\..\..\source\ricontext\renderstate.cpp
g++ -ID:\Projects\ricpp\trunk\ricpp2\workspace\eclipse/../../source/include -ID:\Projects\ricpp\trunk\ricpp2\workspace\eclipse/../../3rdparty/win32/zlib123-dll/include -O0 -g3 -Wall -c -fmessage-length=0 -o Source\displaydesc.o ..\..\..\..\source\ricontext\displaydesc.cpp
g++ -ID:\Projects\ricpp\trunk\ricpp2\workspace\eclipse/../../source/include -ID:\Projects\ricpp\trunk\ricpp2\workspace\eclipse/../../3rdparty/win32/zlib123-dll/include -O0 -g3 -Wall -c -fmessage-length=0 -o Source\surface.o ..\..\..\..\source\ricontext\surface.cpp
g++ -ID:\Projects\ricpp\trunk\ricpp2\workspace\eclipse/../../source/include -ID:\Projects\ricpp\trunk\ricpp2\workspace\eclipse/../../3rdparty/win32/zlib123-dll/include -O0 -g3 -Wall -c -fmessage-length=0 -o Source\resource.o ..\..\..\..\source\ricontext\resource.cpp
g++ -ID:\Projects\ricpp\trunk\ricpp2\workspace\eclipse/../../source/include -ID:\Projects\ricpp\trunk\ricpp2\workspace\eclipse/../../3rdparty/win32/zlib123-dll/include -O0 -g3 -Wall -c -fmessage-length=0 -o Source\options.o ..\..\..\..\source\ricontext\options.cpp
g++ -ID:\Projects\ricpp\trunk\ricpp2\workspace\eclipse/../../source/include -ID:\Projects\ricpp\trunk\ricpp2\workspace\eclipse/../../3rdparty/win32/zlib123-dll/include -O0 -g3 -Wall -c -fmessage-length=0 -o Source\attributes.o ..\..\..\..\source\ricontext\attributes.cpp
g++ -ID:\Projects\ricpp\trunk\ricpp2\workspace\eclipse/../../source/include -ID:\Projects\ricpp\trunk\ricpp2\workspace\eclipse/../../3rdparty/win32/zlib123-dll/include -O0 -g3 -Wall -c -fmessage-length=0 -o Source\ribelements.o ..\..\..\..\source\ricontext\ribelements.cpp
g++ -ID:\Projects\ricpp\trunk\ricpp2\workspace\eclipse/../../source/include -ID:\Projects\ricpp\trunk\ricpp2\workspace\eclipse/../../3rdparty/win32/zlib123-dll/include -O0 -g3 -Wall -c -fmessage-length=0 -o Source\modestack.o ..\..\..\..\source\ricontext\modestack.cpp
ar -r libricontext.a Source\triangulation.o Source\transformation.o Source\surface.o Source\subdivision.o Source\rimacro.o Source\ricontext.o Source\ribelements.o Source\resource.o Source\renderstate.o Source\polygon.o Source\parameter.o Source\optionsbase.o Source\options.o Source\motionstate.o Source\modestack.o Source\lights.o Source\inputstate.o Source\grid.o Source\displaydesc.o Source\contextcreator.o Source\blend.o Source\attributes.o
Build complete for project ricontext
Time consumed: 67705  ms.  
